[0m[[0m[0mdebug[0m] [0m[0m> Exec(test, Some(97fc2870-a000-43b0-b1d6-7b979d07657e), Some(CommandSource(console0)))[0m
[0m[[0m[0mdebug[0m] [0m[0mEvaluating tasks: Test / test[0m
[0m[[0m[0mdebug[0m] [0m[0mRunning task... Cancel: Signal, check cycles: false, forcegc: true[0m
[0m[[0m[0minfo[0m] [0m[0m[32mPromotionCombinationsTest:[0m[0m
[0m[[0m[0minfo[0m] [0m[0m[32mallCombinablePromotions[0m[0m
[0m[[0m[0minfo[0m] [0m[0m[32m- should return the expected combinations[0m[0m
[0m[[0m[0minfo[0m] [0m[0m[32mcombinablePromotions[0m[0m
[0m[[0m[0minfo[0m] [0m[0m[32m- should return the expected combinations for P1[0m[0m
[0m[[0m[0minfo[0m] [0m[0m[32mcombinablePromotions[0m[0m
[0m[[0m[0minfo[0m] [0m[0m[32m- should return the expected combinations for P3[0m[0m
[0m[[0m[0minfo[0m] [0m[0m[32mCruisePricingTest:[0m[0m
[0m[[0m[0minfo[0m] [0m[0m[32mgetBestGroupPrices[0m[0m
[0m[[0m[0minfo[0m] [0m[0m[32m- should return the best prices for each rate group[0m[0m
[0m[[0m[0minfo[0m] [0m[0m[32m- should handle cases where there are no rates[0m[0m
[0m[[0m[0minfo[0m] [0m[0m[32m- should handle cases where there are no prices[0m[0m
[0m[[0m[0minfo[0m] [0m[0m[32m- should handle cases where some rates have no corresponding prices[0m[0m
[0m[[0m[0minfo[0m] [0m[0m[32m- should handle cases where some prices have no corresponding rates[0m[0m
[0m[[0m[0minfo[0m] [0m[0m[32m- should handle cases where multiple cabins have prices for the same rate groups[0m[0m
[0m[[0m[0minfo[0m] [0m[0m[32m- should handle cases with multiple prices for the same cabin and rate group[0m[0m
[0m[[0m[0minfo[0m] [0m[0m[36mRun completed in 341 milliseconds.[0m[0m
[0m[[0m[0minfo[0m] [0m[0m[36mTotal number of tests run: 10[0m[0m
[0m[[0m[0minfo[0m] [0m[0m[36mSuites: completed 2, aborted 0[0m[0m
[0m[[0m[0minfo[0m] [0m[0m[36mTests: succeeded 10, failed 0, canceled 0, ignored 0, pending 0[0m[0m
[0m[[0m[0minfo[0m] [0m[0m[32mAll tests passed.[0m[0m
[0m[[0m[32msuccess[0m] [0m[0mTotal time: 1 s, completed Jun 2, 2024 10:55:39 PM[0m
[0m[[0m[0mdebug[0m] [0m[0m> Exec(shell, None, None)[0m
